ARM GAS  /tmp/ccc7W8hH.s 			page 1


   1              	# 0 "minimal.S"
   2              	# 0 "<built-in>"
   3              	# 0 "<command-line>"
   4              	# 1 "minimal.S"
   5              	# 15 "minimal.S"
   6              	#---------------------------------------------------------------------
   7              	# linux svc #0 stuff, 29/07/2025, vide:
   8              	# https:
   9              	
  10              	.equ ONE, 1
  11              	.equ STDIN, 0
  12              	.equ STDOUT, 1
  13              	.equ GETC, 63
  14              	.equ PUTC, 64
  15              	.equ EXIT, 93
  16              	
  17              	#---------------------------------------------------------------------
  18              	.section .bss
  19              	
  20              	.ifndef _pad
  21              	_pad:
  22 0000 00000000 	.skip 32
  22      00000000 
  22      00000000 
  22      00000000 
  22      00000000 
  23              	.endif
  24              	
  25              	#---------------------------------------------------------------------
  26              	.section .text
  27              	
  28              	.ifndef _start
  29              	.globl _start
  30              	_start:
  31              	.endif
  32              	
  33              	# load system bl for exit
  34              	_exit:
  35 0000 0000A0E3 	        mov r0, #STDIN
  36 0004 5D70A0E3 	        mov r7, #EXIT
  37 0008 000000EF 	        svc #0
  38              	
  39              	 # load system bl for init
  40              	_init:
  41 000c 1EFF2FE1 	        bx lr
  42              	
  43              	 # linux svc #0 for getc
  44              	_getc:
  45 0010 0000A0E3 	        mov r0, #STDIN
  46 0014 2C109FE5 	        ldr r1, =_pad
  47 0018 0120A0E3 	        mov r2, #ONE
  48 001c 3F70A0E3 	        mov r7, #GETC
  49 0020 000000EF 	        svc #0
  50 0024 003091E5 	        ldr r3, [r1]
  51 0028 1EFF2FE1 	        bx lr
  52              	
  53              	 # linux svc #0 for putc
ARM GAS  /tmp/ccc7W8hH.s 			page 2


  54              	_putc:
  55 002c 003081E5 	        str r3, [r1]
  56 0030 0100A0E3 	        mov r0, #STDOUT
  57 0034 0C109FE5 	        ldr r1, =_pad
  58 0038 0120A0E3 	        mov r2, #ONE
  59 003c 4070A0E3 	        mov r7, #PUTC
  60 0040 000000EF 	        svc #0
  61 0044 1EFF2FE1 	        bx lr
  62              	
  63              	 # just not necessary
  64              	
  65              	.if 0
  66              	# linux svc #0 for puts
  67              	_puts:
  68              	        # pointer to msg
  69              	        add r1, t3, zero
  70              	        # lenght of msg
  71              	        add r2, t4, zero
  72              	
  73              	        mov r0, #STDOUT
  74              	        mov r7, #PUTC
  75              	        svc #0
  76              	        j _init
  77 0048 00000000 	.endif
ARM GAS  /tmp/ccc7W8hH.s 			page 3


DEFINED SYMBOLS
     /tmp/ccc7W8hH.s:10     *ABS*:00000001 ONE
     /tmp/ccc7W8hH.s:11     *ABS*:00000000 STDIN
     /tmp/ccc7W8hH.s:12     *ABS*:00000001 STDOUT
     /tmp/ccc7W8hH.s:13     *ABS*:0000003f GETC
     /tmp/ccc7W8hH.s:14     *ABS*:00000040 PUTC
     /tmp/ccc7W8hH.s:15     *ABS*:0000005d EXIT
     /tmp/ccc7W8hH.s:21     .bss:00000000 _pad
     /tmp/ccc7W8hH.s:22     .bss:00000000 $d
     /tmp/ccc7W8hH.s:30     .text:00000000 _start
     /tmp/ccc7W8hH.s:34     .text:00000000 _exit
     /tmp/ccc7W8hH.s:35     .text:00000000 $a
     /tmp/ccc7W8hH.s:40     .text:0000000c _init
     /tmp/ccc7W8hH.s:44     .text:00000010 _getc
     /tmp/ccc7W8hH.s:54     .text:0000002c _putc
     /tmp/ccc7W8hH.s:77     .text:00000048 $d

NO UNDEFINED SYMBOLS
